[0m2023-03-09 16:50:15 V/Net 2082207556: No server list cached.[0m
[92m2023-03-09 16:50:15 I/Net 2082207556: ECDH key is invalid, start to fetch ecdh public key from server.[0m
[92m2023-03-09 16:50:15 I/Net 2082207556: Successfully fetched ecdh public key from server.[0m
[0m2023-03-09 16:50:15 V/Net 2082207556: Send: wtlogin.login(9:password-login)[0m
[0m2023-03-09 16:50:15 V/Net 2082207556: Recv: wtlogin.login[0m
[0m2023-03-09 16:50:49 V/Net 2082207556: Send: wtlogin.login(2:submit-slider)[0m
[31m2023-03-09 16:50:49 E/Net 2082207556: Exception in decoding packet.
net.mamoe.mirai.internal.utils.crypto.DecryptionFailedException
	at net.mamoe.mirai.internal.utils.crypto.TEA.fail(TEA.kt:299)
	at net.mamoe.mirai.internal.utils.crypto.TEA.doOption$decrypt(TEA.kt:275)
	at net.mamoe.mirai.internal.utils.crypto.TEA.doOption(TEA.kt:295)
	at net.mamoe.mirai.internal.utils.crypto.TEA.decrypt(TEA.kt:319)
	at net.mamoe.mirai.internal.utils.crypto.TEA.decrypt$default(TEA.kt:318)
	at net.mamoe.mirai.internal.network.protocol.packet.login.wtlogin.WtLoginExt.analyzeTlv106(WtLoginExt.kt:623)
	at net.mamoe.mirai.internal.network.protocol.packet.login.WtLogin$Login.onLoginSuccess(WtLogin.kt:368)
	at net.mamoe.mirai.internal.network.protocol.packet.login.WtLogin$Login.decode(WtLogin.kt:231)
	at net.mamoe.mirai.internal.network.components.PacketCodecImpl.processBody(PacketCodec.kt:491)
	at net.mamoe.mirai.internal.network.handler.CommonNetworkHandler$PacketDecodePipeline.processBody(CommonNetworkHandler.kt:157)
	at net.mamoe.mirai.internal.network.handler.CommonNetworkHandler$PacketDecodePipeline.access$processBody(CommonNetworkHandler.kt:102)
	at net.mamoe.mirai.internal.network.handler.CommonNetworkHandler$PacketDecodePipeline$1$3$1.invokeSuspend(CommonNetworkHandler.kt:126)
	at net.mamoe.mirai.internal.network.handler.CommonNetworkHandler$PacketDecodePipeline$1$3$1.invoke(CommonNetworkHandler.kt)
	at net.mamoe.mirai.internal.network.handler.CommonNetworkHandler$PacketDecodePipeline$1$3$1.invoke(CommonNetworkHandler.kt)
	at kotlinx.coroutines.intrinsics.UndispatchedKt.startCoroutineUndispatched(Undispatched.kt:55)
	at kotlinx.coroutines.CoroutineStart.invoke(CoroutineStart.kt:112)
	at kotlinx.coroutines.AbstractCoroutine.start(AbstractCoroutine.kt:126)
	at kotlinx.coroutines.BuildersKt__Builders_commonKt.launch(Builders.common.kt:56)
	at kotlinx.coroutines.BuildersKt.launch(Unknown Source)
	at kotlinx.coroutines.BuildersKt__Builders_commonKt.launch$default(Builders.common.kt:47)
	at kotlinx.coroutines.BuildersKt.launch$default(Unknown Source)
	at net.mamoe.mirai.internal.network.handler.CommonNetworkHandler$PacketDecodePipeline$1.invokeSuspend(CommonNetworkHandler.kt:126)
	at kotlin.coroutines.jvm.internal.BaseContinuationImpl.resumeWith(ContinuationImpl.kt:33)
	at kotlinx.coroutines.DispatchedTask.run(DispatchedTask.kt:106)
	at io.netty.util.concurrent.AbstractEventExecutor.safeExecute(AbstractEventExecutor.java:164)
	at io.netty.util.concurrent.SingleThreadEventExecutor.runAllTasks(SingleThreadEventExecutor.java:472)
	at io.netty.channel.nio.NioEventLoop.run(NioEventLoop.java:500)
	at io.netty.util.concurrent.SingleThreadEventExecutor$4.run(SingleThreadEventExecutor.java:989)
	at io.netty.util.internal.ThreadExecutorMap$2.run(ThreadExecutorMap.java:74)
	at io.netty.util.concurrent.FastThreadLocalRunnable.run(FastThreadLocalRunnable.java:30)
	at java.base/java.lang.Thread.run(Thread.java:833)
[0m
[91m2023-03-09 16:50:49 W/Net 2082207556: Exception in resumeConnection.
net.mamoe.mirai.internal.utils.crypto.DecryptionFailedException
	at net.mamoe.mirai.internal.utils.crypto.TEA.fail(TEA.kt:299)
	at net.mamoe.mirai.internal.utils.crypto.TEA.doOption$decrypt(TEA.kt:275)
	at net.mamoe.mirai.internal.utils.crypto.TEA.doOption(TEA.kt:295)
	at net.mamoe.mirai.internal.utils.crypto.TEA.decrypt(TEA.kt:319)
	at net.mamoe.mirai.internal.utils.crypto.TEA.decrypt$default(TEA.kt:318)
	at net.mamoe.mirai.internal.network.protocol.packet.login.wtlogin.WtLoginExt.analyzeTlv106(WtLoginExt.kt:623)
	at net.mamoe.mirai.internal.network.protocol.packet.login.WtLogin$Login.onLoginSuccess(WtLogin.kt:368)
	at net.mamoe.mirai.internal.network.protocol.packet.login.WtLogin$Login.decode(WtLogin.kt:231)
	at net.mamoe.mirai.internal.network.components.PacketCodecImpl.processBody(PacketCodec.kt:491)
	at net.mamoe.mirai.internal.network.handler.CommonNetworkHandler$PacketDecodePipeline.processBody(CommonNetworkHandler.kt:157)
	at net.mamoe.mirai.internal.network.handler.CommonNetworkHandler$PacketDecodePipeline.access$processBody(CommonNetworkHandler.kt:102)
	at net.mamoe.mirai.internal.network.handler.CommonNetworkHandler$PacketDecodePipeline$1$3$1.invokeSuspend(CommonNetworkHandler.kt:126)
	at net.mamoe.mirai.internal.network.handler.CommonNetworkHandler$PacketDecodePipeline$1$3$1.invoke(CommonNetworkHandler.kt)
	at net.mamoe.mirai.internal.network.handler.CommonNetworkHandler$PacketDecodePipeline$1$3$1.invoke(CommonNetworkHandler.kt)
	at kotlinx.coroutines.intrinsics.UndispatchedKt.startCoroutineUndispatched(Undispatched.kt:55)
	at kotlinx.coroutines.CoroutineStart.invoke(CoroutineStart.kt:112)
	at kotlinx.coroutines.AbstractCoroutine.start(AbstractCoroutine.kt:126)
	at kotlinx.coroutines.BuildersKt__Builders_commonKt.launch(Builders.common.kt:56)
	at kotlinx.coroutines.BuildersKt.launch(Unknown Source)
	at kotlinx.coroutines.BuildersKt__Builders_commonKt.launch$default(Builders.common.kt:47)
	at kotlinx.coroutines.BuildersKt.launch$default(Unknown Source)
	at net.mamoe.mirai.internal.network.handler.CommonNetworkHandler$PacketDecodePipeline$1.invokeSuspend(CommonNetworkHandler.kt:126)
	at kotlin.coroutines.jvm.internal.BaseContinuationImpl.resumeWith(ContinuationImpl.kt:33)
	at kotlinx.coroutines.DispatchedTask.run(DispatchedTask.kt:106)
	at io.netty.util.concurrent.AbstractEventExecutor.safeExecute(AbstractEventExecutor.java:164)
	at io.netty.util.concurrent.SingleThreadEventExecutor.runAllTasks(SingleThreadEventExecutor.java:472)
	at io.netty.channel.nio.NioEventLoop.run(NioEventLoop.java:500)
	at io.netty.util.concurrent.SingleThreadEventExecutor$4.run(SingleThreadEventExecutor.java:989)
	at io.netty.util.internal.ThreadExecutorMap$2.run(ThreadExecutorMap.java:74)
	at io.netty.util.concurrent.FastThreadLocalRunnable.run(FastThreadLocalRunnable.java:30)
	at java.base/java.lang.Thread.run(Thread.java:833)
[0m
[91m2023-03-09 16:50:49 W/Net 2082207556: Network selector received exception, closing bot. (net.mamoe.mirai.internal.utils.crypto.DecryptionFailedException)[0m
